<?xml version="1.0" encoding="UTF-8"?>
<testsuite xmlns:xsi="http://www.w3.org/2001/XMLSchema-instance" xsi:noNamespaceSchemaLocation="https://maven.apache.org/surefire/maven-surefire-plugin/xsd/surefire-test-report-3.0.xsd" version="3.0" name="data_management.DataStorageTest" time="0.016" tests="1" errors="0" skipped="0" failures="0">
  <properties>
    <property name="java.specification.version" value="23"/>
    <property name="sun.jnu.encoding" value="UTF-8"/>
    <property name="java.class.path" value="/Users/thibaultebl/Desktop/University/signal_project/target/test-classes:/Users/thibaultebl/Desktop/University/signal_project/target/classes:/Users/thibaultebl/.m2/repository/org/java-websocket/Java-WebSocket/1.5.2/Java-WebSocket-1.5.2.jar:/Users/thibaultebl/.m2/repository/org/slf4j/slf4j-api/1.7.25/slf4j-api-1.7.25.jar:/Users/thibaultebl/.m2/repository/junit/junit/4.11/junit-4.11.jar:/Users/thibaultebl/.m2/repository/org/hamcrest/hamcrest-core/1.3/hamcrest-core-1.3.jar:/Users/thibaultebl/.m2/repository/org/junit/jupiter/junit-jupiter/5.13.0-RC1/junit-jupiter-5.13.0-RC1.jar:/Users/thibaultebl/.m2/repository/org/junit/jupiter/junit-jupiter-api/5.13.0-RC1/junit-jupiter-api-5.13.0-RC1.jar:/Users/thibaultebl/.m2/repository/org/opentest4j/opentest4j/1.3.0/opentest4j-1.3.0.jar:/Users/thibaultebl/.m2/repository/org/junit/platform/junit-platform-commons/1.13.0-RC1/junit-platform-commons-1.13.0-RC1.jar:/Users/thibaultebl/.m2/repository/org/apiguardian/apiguardian-api/1.1.2/apiguardian-api-1.1.2.jar:/Users/thibaultebl/.m2/repository/org/junit/jupiter/junit-jupiter-params/5.13.0-RC1/junit-jupiter-params-5.13.0-RC1.jar:/Users/thibaultebl/.m2/repository/org/junit/jupiter/junit-jupiter-engine/5.13.0-RC1/junit-jupiter-engine-5.13.0-RC1.jar:/Users/thibaultebl/.m2/repository/org/junit/platform/junit-platform-engine/1.13.0-RC1/junit-platform-engine-1.13.0-RC1.jar:"/>
    <property name="java.vm.vendor" value="Homebrew"/>
    <property name="sun.arch.data.model" value="64"/>
    <property name="java.vendor.url" value="https://github.com/Homebrew/homebrew-core/issues"/>
    <property name="os.name" value="Mac OS X"/>
    <property name="java.vm.specification.version" value="23"/>
    <property name="sun.java.launcher" value="SUN_STANDARD"/>
    <property name="user.country" value="BE"/>
    <property name="sun.boot.library.path" value="/opt/homebrew/Cellar/openjdk/23.0.2/libexec/openjdk.jdk/Contents/Home/lib"/>
    <property name="sun.java.command" value="/Users/thibaultebl/Desktop/University/signal_project/target/surefire/surefirebooter-20250524130427074_3.jar /Users/thibaultebl/Desktop/University/signal_project/target/surefire 2025-05-24T13-04-26_675-jvmRun1 surefire-20250524130427074_1tmp surefire_0-20250524130427074_2tmp"/>
    <property name="jdk.debug" value="release"/>
    <property name="surefire.test.class.path" value="/Users/thibaultebl/Desktop/University/signal_project/target/test-classes:/Users/thibaultebl/Desktop/University/signal_project/target/classes:/Users/thibaultebl/.m2/repository/org/java-websocket/Java-WebSocket/1.5.2/Java-WebSocket-1.5.2.jar:/Users/thibaultebl/.m2/repository/org/slf4j/slf4j-api/1.7.25/slf4j-api-1.7.25.jar:/Users/thibaultebl/.m2/repository/junit/junit/4.11/junit-4.11.jar:/Users/thibaultebl/.m2/repository/org/hamcrest/hamcrest-core/1.3/hamcrest-core-1.3.jar:/Users/thibaultebl/.m2/repository/org/junit/jupiter/junit-jupiter/5.13.0-RC1/junit-jupiter-5.13.0-RC1.jar:/Users/thibaultebl/.m2/repository/org/junit/jupiter/junit-jupiter-api/5.13.0-RC1/junit-jupiter-api-5.13.0-RC1.jar:/Users/thibaultebl/.m2/repository/org/opentest4j/opentest4j/1.3.0/opentest4j-1.3.0.jar:/Users/thibaultebl/.m2/repository/org/junit/platform/junit-platform-commons/1.13.0-RC1/junit-platform-commons-1.13.0-RC1.jar:/Users/thibaultebl/.m2/repository/org/apiguardian/apiguardian-api/1.1.2/apiguardian-api-1.1.2.jar:/Users/thibaultebl/.m2/repository/org/junit/jupiter/junit-jupiter-params/5.13.0-RC1/junit-jupiter-params-5.13.0-RC1.jar:/Users/thibaultebl/.m2/repository/org/junit/jupiter/junit-jupiter-engine/5.13.0-RC1/junit-jupiter-engine-5.13.0-RC1.jar:/Users/thibaultebl/.m2/repository/org/junit/platform/junit-platform-engine/1.13.0-RC1/junit-platform-engine-1.13.0-RC1.jar:"/>
    <property name="sun.cpu.endian" value="little"/>
    <property name="user.home" value="/Users/thibaultebl"/>
    <property name="user.language" value="en"/>
    <property name="java.specification.vendor" value="Oracle Corporation"/>
    <property name="java.version.date" value="2025-01-21"/>
    <property name="java.home" value="/opt/homebrew/Cellar/openjdk/23.0.2/libexec/openjdk.jdk/Contents/Home"/>
    <property name="file.separator" value="/"/>
    <property name="basedir" value="/Users/thibaultebl/Desktop/University/signal_project"/>
    <property name="java.vm.compressedOopsMode" value="Zero based"/>
    <property name="line.separator" value="&#10;"/>
    <property name="java.specification.name" value="Java Platform API Specification"/>
    <property name="java.vm.specification.vendor" value="Oracle Corporation"/>
    <property name="apple.awt.application.name" value="ForkedBooter"/>
    <property name="surefire.real.class.path" value="/Users/thibaultebl/Desktop/University/signal_project/target/surefire/surefirebooter-20250524130427074_3.jar"/>
    <property name="sun.management.compiler" value="HotSpot 64-Bit Tiered Compilers"/>
    <property name="java.runtime.version" value="23.0.2"/>
    <property name="user.name" value="thibaultebl"/>
    <property name="stdout.encoding" value="UTF-8"/>
    <property name="path.separator" value=":"/>
    <property name="os.version" value="14.1.2"/>
    <property name="java.runtime.name" value="OpenJDK Runtime Environment"/>
    <property name="file.encoding" value="UTF-8"/>
    <property name="java.vm.name" value="OpenJDK 64-Bit Server VM"/>
    <property name="java.vendor.version" value="Homebrew"/>
    <property name="localRepository" value="/Users/thibaultebl/.m2/repository"/>
    <property name="java.vendor.url.bug" value="https://github.com/Homebrew/homebrew-core/issues"/>
    <property name="java.io.tmpdir" value="/var/folders/9r/jh4434vx43zgbkw4wx_52n8c0000gn/T/"/>
    <property name="java.version" value="23.0.2"/>
    <property name="user.dir" value="/Users/thibaultebl/Desktop/University/signal_project"/>
    <property name="os.arch" value="aarch64"/>
    <property name="java.vm.specification.name" value="Java Virtual Machine Specification"/>
    <property name="native.encoding" value="UTF-8"/>
    <property name="java.library.path" value="/Users/thibaultebl/Library/Java/Extensions:/Library/Java/Extensions:/Network/Library/Java/Extensions:/System/Library/Java/Extensions:/usr/lib/java:."/>
    <property name="java.vm.info" value="mixed mode, sharing"/>
    <property name="stderr.encoding" value="UTF-8"/>
    <property name="java.vendor" value="Homebrew"/>
    <property name="java.vm.version" value="23.0.2"/>
    <property name="sun.io.unicode.encoding" value="UnicodeBig"/>
    <property name="java.class.version" value="67.0"/>
  </properties>
  <testcase name="testAddAndGetRecords" classname="data_management.DataStorageTest" time="0.009"/>
</testsuite>